<?xml version="1.0" encoding="UTF-8"?>
<!-- Generated by org.testng.reporters.JUnitReportReporter -->
<testsuite hostname="DESKTOP-F8TJELS" failures="0" tests="1" name="testCases.TC002_LoginTest" time="4.219" errors="0" timestamp="2025-06-17T21:26:04 IST" skipped="0">
  <testcase classname="testCases.TC002_LoginTest" name="verify_login" time="4.219"/>
</testsuite> <!-- testCases.TC002_LoginTest -->
