<?xml version="1.0" encoding="UTF-8"?>
<!-- Generated by org.testng.reporters.JUnitReportReporter -->
<testsuite hostname="DESKTOP-F8TJELS" failures="0" tests="1" name="testCases.TC001_AccountRegistrationTest" time="5.069" errors="0" timestamp="2025-06-17T21:26:04 IST" skipped="0">
  <testcase classname="testCases.TC001_AccountRegistrationTest" name="verify_account_registration" time="5.069"/>
</testsuite> <!-- testCases.TC001_AccountRegistrationTest -->
